<?xml version="1.0" encoding="UTF-8"?>
<!-- Generated by org.testng.reporters.JUnitReportReporter -->
<testsuite hostname="DESKTOP-A18BU55" failures="0" tests="1" name="Tests.ValidateAllTrips_Tc4" time="33.663" errors="0" timestamp="2022-02-10T11:08:15 CST" skipped="0">
  <testcase classname="Tests.ValidateAllTrips_Tc4" name="validatealltrip" time="33.663"/>
  <system-out/>
</testsuite> <!-- Tests.ValidateAllTrips_Tc4 -->
