<?xml version="1.0" encoding="UTF-8"?>
<!-- Generated by org.testng.reporters.JUnitReportReporter -->
<testsuite hostname="DESKTOP-A18BU55" failures="0" tests="1" name="ValidateAllTrips_Tc4" time="35.520" errors="0" timestamp="2022-02-10T09:59:19 CST" skipped="0">
  <testcase classname="ValidateAllTrips_Tc4" name="validatealltrip" time="35.520"/>
  <system-out/>
</testsuite> <!-- ValidateAllTrips_Tc4 -->
