<?xml version="1.0" encoding="UTF-8"?>
<!-- Generated by org.testng.reporters.JUnitReportReporter -->
<testsuite hostname="DESKTOP-A18BU55" failures="0" tests="1" name="Tests.ValidateLatestTrip_Tc5" time="41.758" errors="0" timestamp="2022-02-10T11:08:15 CST" skipped="0">
  <testcase classname="Tests.ValidateLatestTrip_Tc5" name="validaterecenttrip" time="41.758"/>
  <system-out/>
</testsuite> <!-- Tests.ValidateLatestTrip_Tc5 -->
