<?xml version="1.0" encoding="UTF-8"?>
<!-- Generated by org.testng.reporters.JUnitReportReporter -->
<testsuite hostname="DESKTOP-A18BU55" failures="0" tests="1" name="Tests.LoginTc_1" time="26.387" errors="0" timestamp="2022-02-10T09:00:37 CST" skipped="0">
  <testcase classname="Tests.LoginTc_1" name="Logintc" time="26.387"/>
  <system-out/>
</testsuite> <!-- Tests.LoginTc_1 -->
