<?xml version="1.0" encoding="UTF-8"?>
<!-- Generated by org.testng.reporters.JUnitReportReporter -->
<testsuite hostname="DESKTOP-A18BU55" failures="0" tests="1" name="LoginTc_1" time="36.531" errors="0" timestamp="2022-02-10T09:42:27 CST" skipped="0">
  <testcase classname="LoginTc_1" name="Logintc" time="36.531"/>
  <system-out/>
</testsuite> <!-- LoginTc_1 -->
